c:\users\엄정기\documents\visual studio 2015\projects\미션_11 - 복사본\release\vc140.pdb
c:\users\엄정기\documents\visual studio 2015\projects\미션_11 - 복사본\release\미션_11.obj
c:\users\엄정기\documents\visual studio 2015\projects\미션_11 - 복사본\release\week_average.obj
c:\users\엄정기\documents\visual studio 2015\projects\미션_11 - 복사본\release\using_show.obj
c:\users\엄정기\documents\visual studio 2015\projects\미션_11 - 복사본\release\user_infomation.obj
c:\users\엄정기\documents\visual studio 2015\projects\미션_11 - 복사본\release\time_compute.obj
c:\users\엄정기\documents\visual studio 2015\projects\미션_11 - 복사본\release\myclass.obj
c:\users\엄정기\documents\visual studio 2015\projects\미션_11 - 복사본\release\error_check.obj
c:\users\엄정기\documents\visual studio 2015\projects\미션_11 - 복사본\release\data_modify.obj
c:\users\엄정기\documents\visual studio 2015\projects\미션_11 - 복사본\release\class_extends.obj
c:\users\엄정기\documents\visual studio 2015\projects\미션_11 - 복사본\release\미션11.exe
c:\users\엄정기\documents\visual studio 2015\projects\미션_11 - 복사본\release\미션11.pdb
c:\users\엄정기\documents\visual studio 2015\projects\미션_11 - 복사본\release\미션11.ipdb
c:\users\엄정기\documents\visual studio 2015\projects\미션_11 - 복사본\release\미션11.iobj
c:\users\엄정기\documents\visual studio 2015\projects\미션_11 - 복사본\release\미션11.tlog\cl.command.1.tlog
c:\users\엄정기\documents\visual studio 2015\projects\미션_11 - 복사본\release\미션11.tlog\cl.read.1.tlog
c:\users\엄정기\documents\visual studio 2015\projects\미션_11 - 복사본\release\미션11.tlog\cl.write.1.tlog
c:\users\엄정기\documents\visual studio 2015\projects\미션_11 - 복사본\release\미션11.tlog\link.command.1.tlog
c:\users\엄정기\documents\visual studio 2015\projects\미션_11 - 복사본\release\미션11.tlog\link.read.1.tlog
c:\users\엄정기\documents\visual studio 2015\projects\미션_11 - 복사본\release\미션11.tlog\link.write.1.tlog
